--- Data Head ---
                                            Filename  ... mean_throughput
0  WebFitts_p1_S1_C0_Touchpad_10.0.5.156_17755423...  ...        1.882376
1  WebFitts_p1_S1_C0_Touchpad_10.0.5.156_17755420...  ...        2.731876
2  WebFitts_p1_S2_C0_Touchpad_10.0.5.156_17755421...  ...        2.663982
3  WebFitts_p1_S2_C0_Touchpad_10.0.5.156_17755424...  ...        1.893486
4  WebFitts_p1_S3_C0_Touchpad_10.0.5.156_17755424...  ...        1.935728

[5 rows x 10 columns]

--- Record Count: 120 rows ---
Rows per participant:
participant_code
p1     10
p10    10
p11    10
p12    10
p2     10
p3     10
p4     10
p5     10
p6     10
p7     10
p8     10
p9     10
Name: count, dtype: int64

Saved figure: figures/01_hand_dominance.png
Saved figure: figures/02_session_code.png
=== Two-Way ANOVA: Mean Completion Time ===
                                         sum_sq     df          F        PR(>F)
C(hand_dominance)                  2.455126e+06    1.0  37.438287  1.479779e-08
C(session_code)                    4.939864e+04    4.0   0.188320  9.440527e-01
C(hand_dominance):C(session_code)  1.660799e+04    4.0   0.063314  9.925166e-01
Residual                           7.213573e+06  110.0        NaN           NaN

--- Normality Check (Shapiro-Wilk) ---
Statistic: 0.9634, p-value: 0.0024
Result: Reject H0. Residuals not normal.

Saved figure: figures/03_qqplot_completion_time.png
--- Levene's Test (Hand Dominance) ---
Statistic: 0.0052, p-value: 0.9425
Result: Variances are equal.

--- Mauchly's Test of Sphericity ---
W: 0.2624, p-value: 0.1880
Result: Sphericity met.

=== Tukey HSD: Mean Completion Time ===
    Multiple Comparison of Means - Tukey HSD, FWER=0.05    
===========================================================
 group1     group2    meandiff p-adj  lower   upper  reject
-----------------------------------------------------------
Dominant Non-Dominant 284.9535   0.0 195.141 374.766   True
-----------------------------------------------------------

  Multiple Comparison of Means - Tukey HSD, FWER=0.05  
=======================================================
group1 group2 meandiff p-adj    lower    upper   reject
-------------------------------------------------------
    S1     S2 -39.8775 0.9894 -272.0643 192.3093  False
    S1     S3 -40.8256 0.9884 -273.0123 191.3612  False
    S1     S4 -40.6944 0.9885 -272.8812 191.4923  False
    S1     S5 -28.5325 0.9971 -260.7193 203.6543  False
    S2     S3  -0.9481    1.0 -233.1348 231.2387  False
    S2     S4  -0.8169    1.0 -233.0037 231.3698  False
    S2     S5   11.345 0.9999 -220.8418 243.5318  False
    S3     S4   0.1311    1.0 -232.0557 232.3179  False
    S3     S5  12.2931 0.9999 -219.8937 244.4798  False
    S4     S5  12.1619 0.9999 -220.0248 244.3487  False
-------------------------------------------------------

          Multiple Comparison of Means - Tukey HSD, FWER=0.05          
=======================================================================
    group1         group2     meandiff p-adj    lower    upper   reject
-----------------------------------------------------------------------
    DominantS1     DominantS2 -60.0649 0.9999 -391.1486 271.0189  False
    DominantS1     DominantS3 -56.5549 0.9999 -387.6386 274.5289  False
    DominantS1     DominantS4 -79.8188 0.9988 -410.9025  251.265  False
    DominantS1     DominantS5 -67.0176 0.9997 -398.1014 264.0661  False
    DominantS1 Non-DominantS1 258.0233 0.3022  -80.7957 596.8423  False
    DominantS1 Non-DominantS2 216.8312 0.5211 -114.2525  547.915  False
    DominantS1 Non-DominantS3 211.4251 0.5576 -119.6586 542.5089  False
    DominantS1 Non-DominantS4 234.9512 0.4027  -96.1325  566.035  False
    DominantS1 Non-DominantS5  246.474 0.3336  -84.6097 577.5577  False
    DominantS2     DominantS3     3.51    1.0 -334.1305 341.1505  False
    DominantS2     DominantS4 -19.7539    1.0 -357.3944 317.8866  False
    DominantS2     DominantS5  -6.9528    1.0 -344.5933 330.6877  False
    DominantS2 Non-DominantS1 318.0882  0.098  -27.1407  663.317  False
    DominantS2 Non-DominantS2 276.8961 0.2084  -60.7444 614.5366  False
    DominantS2 Non-DominantS3   271.49 0.2318  -66.1505 609.1305  False
    DominantS2 Non-DominantS4 295.0161 0.1421  -42.6244 632.6566  False
    DominantS2 Non-DominantS5 306.5389 0.1092  -31.1016 644.1794  False
    DominantS3     DominantS4 -23.2639    1.0 -360.9044 314.3766  False
    DominantS3     DominantS5 -10.4628    1.0 -348.1033 327.1777  False
    DominantS3 Non-DominantS1 314.5782 0.1064  -30.6507  659.807  False
    DominantS3 Non-DominantS2 273.3861 0.2234  -64.2544 611.0266  False
    DominantS3 Non-DominantS3   267.98 0.2479  -69.6605 605.6205  False
    DominantS3 Non-DominantS4 291.5061 0.1535  -46.1344 629.1466  False
    DominantS3 Non-DominantS5 303.0289 0.1185  -34.6116 640.6694  False
    DominantS4     DominantS5  12.8011    1.0 -324.8394 350.4416  False
    DominantS4 Non-DominantS1 337.8421 0.0605   -7.3868 683.0709  False
    DominantS4 Non-DominantS2   296.65  0.137  -40.9905 634.2905  False
    DominantS4 Non-DominantS3 291.2439 0.1544  -46.3966 628.8844  False
    DominantS4 Non-DominantS4   314.77 0.0897  -22.8705 652.4105  False
    DominantS4 Non-DominantS5 326.2928 0.0673  -11.3477 663.9333  False
    DominantS5 Non-DominantS1  325.041 0.0831  -20.1879 670.2698  False
    DominantS5 Non-DominantS2 283.8489 0.1807  -53.7916 621.4894  False
    DominantS5 Non-DominantS3 278.4428  0.202  -59.1977 616.0833  False
    DominantS5 Non-DominantS4 301.9689 0.1215  -35.6716 639.6094  False
    DominantS5 Non-DominantS5 313.4917 0.0925  -24.1488 651.1321  False
Non-DominantS1 Non-DominantS2 -41.1921    1.0 -386.4209 304.0368  False
Non-DominantS1 Non-DominantS3 -46.5982    1.0  -391.827 298.6307  False
Non-DominantS1 Non-DominantS4 -23.0721    1.0 -368.3009 322.1568  False
Non-DominantS1 Non-DominantS5 -11.5493    1.0 -356.7781 333.6796  False
Non-DominantS2 Non-DominantS3  -5.4061    1.0 -343.0466 332.2344  False
Non-DominantS2 Non-DominantS4    18.12    1.0 -319.5205 355.7605  False
Non-DominantS2 Non-DominantS5  29.6428    1.0 -307.9977 367.2833  False
Non-DominantS3 Non-DominantS4  23.5261    1.0 -314.1144 361.1666  False
Non-DominantS3 Non-DominantS5  35.0489    1.0 -302.5916 372.6894  False
Non-DominantS4 Non-DominantS5  11.5228    1.0 -326.1177 349.1633  False
-----------------------------------------------------------------------

=== Two-Way ANOVA: Mean Click Error ===
                                        sum_sq     df         F    PR(>F)
C(hand_dominance)                    71.830732    1.0  1.334846  0.250448
C(session_code)                     329.635884    4.0  1.531423  0.198037
C(hand_dominance):C(session_code)   160.699701    4.0  0.746579  0.562336
Residual                           5919.321419  110.0       NaN       NaN

=== Tukey HSD: Mean Click Error ===
    Multiple Comparison of Means - Tukey HSD, FWER=0.05    
===========================================================
 group1     group2    meandiff p-adj   lower  upper  reject
-----------------------------------------------------------
Dominant Non-Dominant   1.5634 0.2477 -1.1016 4.2284  False
-----------------------------------------------------------

Multiple Comparison of Means - Tukey HSD, FWER=0.05 
====================================================
group1 group2 meandiff p-adj   lower   upper  reject
----------------------------------------------------
    S1     S2   0.2778 0.9999  -5.5739 6.1295  False
    S1     S3   1.9444 0.8883  -3.9073 7.7962  False
    S1     S4      2.5 0.7605  -3.3517 8.3517  False
    S1     S5  -2.2222 0.8302  -8.0739 3.6295  False
    S2     S3   1.6667 0.9332  -4.1851 7.5184  False
    S2     S4   2.2222 0.8302  -3.6295 8.0739  False
    S2     S5     -2.5 0.7605  -8.3517 3.3517  False
    S3     S4   0.5556 0.9989  -5.2962 6.4073  False
    S3     S5  -4.1667 0.2855 -10.0184 1.6851  False
    S4     S5  -4.7222 0.1738 -10.5739 1.1295  False
----------------------------------------------------

         Multiple Comparison of Means - Tukey HSD, FWER=0.05         
=====================================================================
    group1         group2     meandiff p-adj   lower    upper  reject
---------------------------------------------------------------------
    DominantS1     DominantS2   -0.641    1.0 -10.1252  8.8431  False
    DominantS1     DominantS3   0.4701    1.0  -9.0141  9.9542  False
    DominantS1     DominantS4    4.359 0.8955  -5.1252 13.8431  False
    DominantS1     DominantS5  -1.7521 0.9999 -11.2363   7.732  False
    DominantS1 Non-DominantS1   1.6317 0.9999   -8.074 11.3374  False
    DominantS1 Non-DominantS2   2.6923 0.9956  -6.7918 12.1765  False
    DominantS1 Non-DominantS3   4.9145 0.8077  -4.5696 14.3987  False
    DominantS1 Non-DominantS4   2.1368 0.9993  -7.3474 11.6209  False
    DominantS1 Non-DominantS5  -1.1966    1.0 -10.6807  8.2876  False
    DominantS2     DominantS3   1.1111    1.0  -8.5609 10.7831  False
    DominantS2     DominantS4      5.0 0.8099   -4.672  14.672  False
    DominantS2     DominantS5  -1.1111    1.0 -10.7831  8.5609  False
    DominantS2 Non-DominantS1   2.2727 0.9991  -7.6166 12.1621  False
    DominantS2 Non-DominantS2   3.3333 0.9824  -6.3386 13.0053  False
    DominantS2 Non-DominantS3   5.5556 0.6987  -4.1164 15.2275  False
    DominantS2 Non-DominantS4   2.7778 0.9952  -6.8942 12.4498  False
    DominantS2 Non-DominantS5  -0.5556    1.0 -10.2275  9.1164  False
    DominantS3     DominantS4   3.8889  0.952  -5.7831 13.5609  False
    DominantS3     DominantS5  -2.2222 0.9991 -11.8942  7.4498  False
    DominantS3 Non-DominantS1   1.1616    1.0  -8.7277  11.051  False
    DominantS3 Non-DominantS2   2.2222 0.9991  -7.4498 11.8942  False
    DominantS3 Non-DominantS3   4.4444 0.8957  -5.2275 14.1164  False
    DominantS3 Non-DominantS4   1.6667 0.9999  -8.0053 11.3386  False
    DominantS3 Non-DominantS5  -1.6667 0.9999 -11.3386  8.0053  False
    DominantS4     DominantS5  -6.1111 0.5728 -15.7831  3.5609  False
    DominantS4 Non-DominantS1  -2.7273 0.9965 -12.6166  7.1621  False
    DominantS4 Non-DominantS2  -1.6667 0.9999 -11.3386  8.0053  False
    DominantS4 Non-DominantS3   0.5556    1.0  -9.1164 10.2275  False
    DominantS4 Non-DominantS4  -2.2222 0.9991 -11.8942  7.4498  False
    DominantS4 Non-DominantS5  -5.5556 0.6987 -15.2275  4.1164  False
    DominantS5 Non-DominantS1   3.3838 0.9832  -6.5055 13.2732  False
    DominantS5 Non-DominantS2   4.4444 0.8957  -5.2275 14.1164  False
    DominantS5 Non-DominantS3   6.6667 0.4456  -3.0053 16.3386  False
    DominantS5 Non-DominantS4   3.8889  0.952  -5.7831 13.5609  False
    DominantS5 Non-DominantS5   0.5556    1.0  -9.1164 10.2275  False
Non-DominantS1 Non-DominantS2   1.0606    1.0  -8.8287   10.95  False
Non-DominantS1 Non-DominantS3   3.2828 0.9864  -6.6065 13.1722  False
Non-DominantS1 Non-DominantS4   0.5051    1.0  -9.3843 10.3944  False
Non-DominantS1 Non-DominantS5  -2.8283 0.9954 -12.7176  7.0611  False
Non-DominantS2 Non-DominantS3   2.2222 0.9991  -7.4498 11.8942  False
Non-DominantS2 Non-DominantS4  -0.5556    1.0 -10.2275  9.1164  False
Non-DominantS2 Non-DominantS5  -3.8889  0.952 -13.5609  5.7831  False
Non-DominantS3 Non-DominantS4  -2.7778 0.9952 -12.4498  6.8942  False
Non-DominantS3 Non-DominantS5  -6.1111 0.5728 -15.7831  3.5609  False
Non-DominantS4 Non-DominantS5  -3.3333 0.9824 -13.0053  6.3386  False
---------------------------------------------------------------------

